<?xml version="1.0" encoding="UTF-8"?>
<testsuite name="TestCase" tests="1" skipped="0" failures="0" errors="0" timestamp="2022-10-22T05:06:41" hostname="AS3I4" time="0.0">
  <properties/>
  <testcase name="setup" classname="TestCase" time="0.0"/>
  <system-out><![CDATA[ini setup
]]></system-out>
  <system-err><![CDATA[]]></system-err>
</testsuite>
